<?xml version="1.0" encoding="UTF-8"?>
<!-- Generated by org.testng.reporters.JUnitReportReporter -->
<testsuite hostname="ip-192-168-30-70.ap-southeast-1.compute.internal" failures="0" tests="1" name="com.automation.TestCase17" time="11.386" errors="0" timestamp="2024-10-10T13:21:43 WIB" skipped="0">
  <testcase classname="com.automation.TestCase17" name="removeProductsFromCart" time="11.386"/>
</testsuite> <!-- com.automation.TestCase17 -->
